0 info it worked if it ends with ok
1 verbose cli [ '/usr/local/bin/node',
1 verbose cli   '/usr/local/bin/npm',
1 verbose cli   'install',
1 verbose cli   'raspi-gpio',
1 verbose cli   '--save-dev' ]
2 info using npm@3.3.12
3 info using node@v5.5.0
4 silly loadCurrentTree Starting
5 silly install loadCurrentTree
6 silly install readLocalPackageData
7 silly fetchPackageMetaData raspi-gpio
8 silly fetchNamedPackageData raspi-gpio
9 silly mapToRegistry name raspi-gpio
10 silly mapToRegistry using default registry
11 silly mapToRegistry registry https://registry.npmjs.org/
12 silly mapToRegistry uri https://registry.npmjs.org/raspi-gpio
13 verbose request uri https://registry.npmjs.org/raspi-gpio
14 verbose request no auth needed
15 info attempt registry request try #1 at 11:54:57 AM
16 verbose request using bearer token for auth
17 verbose request id 62e32f5629ac5eda
18 http request GET https://registry.npmjs.org/raspi-gpio
19 http 200 https://registry.npmjs.org/raspi-gpio
20 verbose headers { server: 'CouchDB/1.5.0 (Erlang OTP/R16B03)',
20 verbose headers   etag: '"33V74P1S12BDR3WP9E3B84AND"',
20 verbose headers   'content-type': 'application/json',
20 verbose headers   'content-encoding': 'gzip',
20 verbose headers   'cache-control': 'max-age=300',
20 verbose headers   'transfer-encoding': 'chunked',
20 verbose headers   'accept-ranges': 'bytes',
20 verbose headers   date: 'Thu, 19 May 2016 04:54:58 GMT',
20 verbose headers   via: '1.1 varnish',
20 verbose headers   connection: 'keep-alive',
20 verbose headers   'x-served-by': 'cache-hkg6823-HKG',
20 verbose headers   'x-cache': 'MISS',
20 verbose headers   'x-cache-hits': '0',
20 verbose headers   'x-timer': 'S1463633698.723452,VS0,VE214',
20 verbose headers   vary: 'Accept-Encoding' }
21 silly get cb [ 200,
21 silly get   { server: 'CouchDB/1.5.0 (Erlang OTP/R16B03)',
21 silly get     etag: '"33V74P1S12BDR3WP9E3B84AND"',
21 silly get     'content-type': 'application/json',
21 silly get     'content-encoding': 'gzip',
21 silly get     'cache-control': 'max-age=300',
21 silly get     'transfer-encoding': 'chunked',
21 silly get     'accept-ranges': 'bytes',
21 silly get     date: 'Thu, 19 May 2016 04:54:58 GMT',
21 silly get     via: '1.1 varnish',
21 silly get     connection: 'keep-alive',
21 silly get     'x-served-by': 'cache-hkg6823-HKG',
21 silly get     'x-cache': 'MISS',
21 silly get     'x-cache-hits': '0',
21 silly get     'x-timer': 'S1463633698.723452,VS0,VE214',
21 silly get     vary: 'Accept-Encoding' } ]
22 verbose get saving raspi-gpio to /Users/TuanPM/.npm/registry.npmjs.org/raspi-gpio/.cache.json
23 silly install normalizeTree
24 silly loadCurrentTree Finishing
25 silly loadIdealTree Starting
26 silly install loadIdealTree
27 silly cloneCurrentTree Starting
28 silly install cloneCurrentTreeToIdealTree
29 silly cloneCurrentTree Finishing
30 silly loadShrinkwrap Starting
31 silly install loadShrinkwrap
32 silly loadShrinkwrap Finishing
33 silly loadAllDepsIntoIdealTree Starting
34 silly install loadAllDepsIntoIdealTree
35 silly resolveWithNewModule raspi-gpio@2.2.2 checking installable status
36 silly cache add args [ 'raspi-gpio', null ]
37 verbose cache add spec raspi-gpio
38 silly cache add parsed spec Result {
38 silly cache add   raw: 'raspi-gpio',
38 silly cache add   scope: null,
38 silly cache add   name: 'raspi-gpio',
38 silly cache add   rawSpec: '',
38 silly cache add   spec: '*',
38 silly cache add   type: 'range' }
39 silly addNamed raspi-gpio@*
40 verbose addNamed "*" is a valid semver range for raspi-gpio
41 silly addNameRange { name: 'raspi-gpio', range: '*', hasData: false }
42 silly mapToRegistry name raspi-gpio
43 silly mapToRegistry using default registry
44 silly mapToRegistry registry https://registry.npmjs.org/
45 silly mapToRegistry uri https://registry.npmjs.org/raspi-gpio
46 verbose addNameRange registry:https://registry.npmjs.org/raspi-gpio not in flight; fetching
47 verbose get https://registry.npmjs.org/raspi-gpio not expired, no request
48 silly addNameRange number 2 { name: 'raspi-gpio', range: '*', hasData: true }
49 silly addNameRange versions [ 'raspi-gpio',
49 silly addNameRange   [ '1.0.0',
49 silly addNameRange     '1.0.1',
49 silly addNameRange     '1.0.2',
49 silly addNameRange     '1.0.3',
49 silly addNameRange     '1.0.4',
49 silly addNameRange     '1.0.5',
49 silly addNameRange     '1.1.0',
49 silly addNameRange     '1.2.0',
49 silly addNameRange     '1.2.1',
49 silly addNameRange     '1.3.0',
49 silly addNameRange     '1.4.0',
49 silly addNameRange     '1.4.1',
49 silly addNameRange     '1.5.0',
49 silly addNameRange     '2.0.0',
49 silly addNameRange     '2.1.0',
49 silly addNameRange     '2.2.0',
49 silly addNameRange     '2.2.1',
49 silly addNameRange     '2.2.2' ] ]
50 silly addNamed raspi-gpio@2.2.2
51 verbose addNamed "2.2.2" is a plain semver version for raspi-gpio
52 silly mapToRegistry name raspi-gpio
53 silly mapToRegistry using default registry
54 silly mapToRegistry registry https://registry.npmjs.org/
55 silly mapToRegistry uri https://registry.npmjs.org/raspi-gpio
56 verbose addRemoteTarball https://registry.npmjs.org/raspi-gpio/-/raspi-gpio-2.2.2.tgz not in flight; adding
57 verbose addRemoteTarball [ 'https://registry.npmjs.org/raspi-gpio/-/raspi-gpio-2.2.2.tgz',
57 verbose addRemoteTarball   'd4591f6b8063f6f8c0b6a75a72896e1b38980ecb' ]
58 info retry fetch attempt 1 at 11:54:57 AM
59 info attempt registry request try #1 at 11:54:57 AM
60 http fetch GET https://registry.npmjs.org/raspi-gpio/-/raspi-gpio-2.2.2.tgz
61 verbose request using bearer token for auth
62 http fetch 200 https://registry.npmjs.org/raspi-gpio/-/raspi-gpio-2.2.2.tgz
63 silly fetchAndShaCheck shasum d4591f6b8063f6f8c0b6a75a72896e1b38980ecb
64 verbose addTmpTarball /var/folders/pf/ys9d2z053b5087jd_zstdg700000gn/T/npm-44303-e887ef3c/registry.npmjs.org/raspi-gpio/-/raspi-gpio-2.2.2.tgz not in flight; adding
65 verbose addTmpTarball already have metadata; skipping unpack for raspi-gpio@2.2.2
66 silly cache afterAdd raspi-gpio@2.2.2
67 verbose afterAdd /Users/TuanPM/.npm/raspi-gpio/2.2.2/package/package.json not in flight; writing
68 verbose afterAdd /Users/TuanPM/.npm/raspi-gpio/2.2.2/package/package.json written
69 silly fetchNamedPackageData nan
70 silly mapToRegistry name nan
71 silly mapToRegistry using default registry
72 silly mapToRegistry registry https://registry.npmjs.org/
73 silly mapToRegistry uri https://registry.npmjs.org/nan
74 silly fetchNamedPackageData raspi-peripheral
75 silly mapToRegistry name raspi-peripheral
76 silly mapToRegistry using default registry
77 silly mapToRegistry registry https://registry.npmjs.org/
78 silly mapToRegistry uri https://registry.npmjs.org/raspi-peripheral
79 verbose request uri https://registry.npmjs.org/raspi-peripheral
80 verbose request no auth needed
81 info attempt registry request try #1 at 11:54:58 AM
82 verbose request using bearer token for auth
83 http request GET https://registry.npmjs.org/raspi-peripheral
84 verbose request uri https://registry.npmjs.org/nan
85 verbose request no auth needed
86 info attempt registry request try #1 at 11:54:58 AM
87 verbose request using bearer token for auth
88 verbose etag "24B26O57Z0ASCDVIYEYKA8KVW"
89 http request GET https://registry.npmjs.org/nan
90 http 200 https://registry.npmjs.org/raspi-peripheral
91 verbose headers { server: 'CouchDB/1.5.0 (Erlang OTP/R16B03)',
91 verbose headers   etag: '"EI370HM9SYG8B7RIM6IDSMGHT"',
91 verbose headers   'content-type': 'application/json',
91 verbose headers   'content-encoding': 'gzip',
91 verbose headers   'cache-control': 'max-age=300',
91 verbose headers   'transfer-encoding': 'chunked',
91 verbose headers   'accept-ranges': 'bytes',
91 verbose headers   date: 'Thu, 19 May 2016 04:55:00 GMT',
91 verbose headers   via: '1.1 varnish',
91 verbose headers   connection: 'keep-alive',
91 verbose headers   'x-served-by': 'cache-hkg6825-HKG',
91 verbose headers   'x-cache': 'MISS',
91 verbose headers   'x-cache-hits': '0',
91 verbose headers   'x-timer': 'S1463633699.983150,VS0,VE276',
91 verbose headers   vary: 'Accept-Encoding' }
92 silly get cb [ 200,
92 silly get   { server: 'CouchDB/1.5.0 (Erlang OTP/R16B03)',
92 silly get     etag: '"EI370HM9SYG8B7RIM6IDSMGHT"',
92 silly get     'content-type': 'application/json',
92 silly get     'content-encoding': 'gzip',
92 silly get     'cache-control': 'max-age=300',
92 silly get     'transfer-encoding': 'chunked',
92 silly get     'accept-ranges': 'bytes',
92 silly get     date: 'Thu, 19 May 2016 04:55:00 GMT',
92 silly get     via: '1.1 varnish',
92 silly get     connection: 'keep-alive',
92 silly get     'x-served-by': 'cache-hkg6825-HKG',
92 silly get     'x-cache': 'MISS',
92 silly get     'x-cache-hits': '0',
92 silly get     'x-timer': 'S1463633699.983150,VS0,VE276',
92 silly get     vary: 'Accept-Encoding' } ]
93 verbose get saving raspi-peripheral to /Users/TuanPM/.npm/registry.npmjs.org/raspi-peripheral/.cache.json
94 silly resolveWithNewModule raspi-peripheral@1.5.2 checking installable status
95 silly cache add args [ 'raspi-peripheral@1.5.2', null ]
96 verbose cache add spec raspi-peripheral@1.5.2
97 silly cache add parsed spec Result {
97 silly cache add   raw: 'raspi-peripheral@1.5.2',
97 silly cache add   scope: null,
97 silly cache add   name: 'raspi-peripheral',
97 silly cache add   rawSpec: '1.5.2',
97 silly cache add   spec: '1.5.2',
97 silly cache add   type: 'version' }
98 silly addNamed raspi-peripheral@1.5.2
99 verbose addNamed "1.5.2" is a plain semver version for raspi-peripheral
100 silly mapToRegistry name raspi-peripheral
101 silly mapToRegistry using default registry
102 silly mapToRegistry registry https://registry.npmjs.org/
103 silly mapToRegistry uri https://registry.npmjs.org/raspi-peripheral
104 verbose addNameVersion registry:https://registry.npmjs.org/raspi-peripheral not in flight; fetching
105 verbose get https://registry.npmjs.org/raspi-peripheral not expired, no request
106 silly mapToRegistry name raspi-peripheral
107 silly mapToRegistry using default registry
108 silly mapToRegistry registry https://registry.npmjs.org/
109 silly mapToRegistry uri https://registry.npmjs.org/raspi-peripheral
110 verbose addRemoteTarball https://registry.npmjs.org/raspi-peripheral/-/raspi-peripheral-1.5.2.tgz not in flight; adding
111 verbose addRemoteTarball [ 'https://registry.npmjs.org/raspi-peripheral/-/raspi-peripheral-1.5.2.tgz',
111 verbose addRemoteTarball   'cdfee345492bcceaba80d291247059e96dfab97b' ]
112 info retry fetch attempt 1 at 11:54:59 AM
113 info attempt registry request try #1 at 11:54:59 AM
114 http fetch GET https://registry.npmjs.org/raspi-peripheral/-/raspi-peripheral-1.5.2.tgz
115 verbose request using bearer token for auth
116 http 304 https://registry.npmjs.org/nan
117 verbose headers { 'cache-control': 'max-age=300',
117 verbose headers   'accept-ranges': 'bytes',
117 verbose headers   date: 'Thu, 19 May 2016 04:55:00 GMT',
117 verbose headers   via: '1.1 varnish',
117 verbose headers   connection: 'keep-alive',
117 verbose headers   'x-served-by': 'cache-hkg6827-HKG',
117 verbose headers   'x-cache': 'MISS',
117 verbose headers   'x-cache-hits': '0',
117 verbose headers   'x-timer': 'S1463633699.989643,VS0,VE742',
117 verbose headers   vary: 'Accept-Encoding' }
118 silly get cb [ 304,
118 silly get   { 'cache-control': 'max-age=300',
118 silly get     'accept-ranges': 'bytes',
118 silly get     date: 'Thu, 19 May 2016 04:55:00 GMT',
118 silly get     via: '1.1 varnish',
118 silly get     connection: 'keep-alive',
118 silly get     'x-served-by': 'cache-hkg6827-HKG',
118 silly get     'x-cache': 'MISS',
118 silly get     'x-cache-hits': '0',
118 silly get     'x-timer': 'S1463633699.989643,VS0,VE742',
118 silly get     vary: 'Accept-Encoding' } ]
119 verbose etag https://registry.npmjs.org/nan from cache
120 verbose get saving nan to /Users/TuanPM/.npm/registry.npmjs.org/nan/.cache.json
121 silly resolveWithNewModule nan@2.3.3 checking installable status
122 silly cache add args [ 'nan@^2.1.0', null ]
123 verbose cache add spec nan@^2.1.0
124 silly cache add parsed spec Result {
124 silly cache add   raw: 'nan@^2.1.0',
124 silly cache add   scope: null,
124 silly cache add   name: 'nan',
124 silly cache add   rawSpec: '^2.1.0',
124 silly cache add   spec: '>=2.1.0 <3.0.0',
124 silly cache add   type: 'range' }
125 silly addNamed nan@>=2.1.0 <3.0.0
126 verbose addNamed ">=2.1.0 <3.0.0" is a valid semver range for nan
127 silly addNameRange { name: 'nan', range: '>=2.1.0 <3.0.0', hasData: false }
128 silly mapToRegistry name nan
129 silly mapToRegistry using default registry
130 silly mapToRegistry registry https://registry.npmjs.org/
131 silly mapToRegistry uri https://registry.npmjs.org/nan
132 verbose addNameRange registry:https://registry.npmjs.org/nan not in flight; fetching
133 verbose get https://registry.npmjs.org/nan not expired, no request
134 silly addNameRange number 2 { name: 'nan', range: '>=2.1.0 <3.0.0', hasData: true }
135 silly addNameRange versions [ 'nan',
135 silly addNameRange   [ '0.3.0-wip',
135 silly addNameRange     '0.3.0-wip2',
135 silly addNameRange     '0.3.0',
135 silly addNameRange     '0.3.1',
135 silly addNameRange     '0.3.2',
135 silly addNameRange     '0.4.0',
135 silly addNameRange     '0.4.1',
135 silly addNameRange     '0.4.2',
135 silly addNameRange     '0.4.3',
135 silly addNameRange     '0.4.4',
135 silly addNameRange     '0.5.0',
135 silly addNameRange     '0.5.1',
135 silly addNameRange     '0.5.2',
135 silly addNameRange     '0.6.0',
135 silly addNameRange     '0.7.0',
135 silly addNameRange     '0.7.1',
135 silly addNameRange     '0.8.0',
135 silly addNameRange     '1.0.0',
135 silly addNameRange     '1.1.0',
135 silly addNameRange     '1.1.1',
135 silly addNameRange     '1.1.2',
135 silly addNameRange     '1.2.0',
135 silly addNameRange     '1.3.0',
135 silly addNameRange     '1.4.0',
135 silly addNameRange     '1.4.1',
135 silly addNameRange     '1.5.0',
135 silly addNameRange     '1.4.2',
135 silly addNameRange     '1.4.3',
135 silly addNameRange     '1.5.1',
135 silly addNameRange     '1.5.2',
135 silly addNameRange     '1.6.0',
135 silly addNameRange     '1.5.3',
135 silly addNameRange     '1.6.1',
135 silly addNameRange     '1.6.2',
135 silly addNameRange     '1.7.0',
135 silly addNameRange     '1.8.0',
135 silly addNameRange     '1.8.1',
135 silly addNameRange     '1.8.2',
135 silly addNameRange     '1.8.3',
135 silly addNameRange     '1.8.4',
135 silly addNameRange     '1.9.0',
135 silly addNameRange     '2.0.0',
135 silly addNameRange     '2.0.1',
135 silly addNameRange     '2.0.2',
135 silly addNameRange     '2.0.3',
135 silly addNameRange     '2.0.4',
135 silly addNameRange     '2.0.5',
135 silly addNameRange     '2.0.6',
135 silly addNameRange     '2.0.7',
135 silly addNameRange     '2.0.8',
135 silly addNameRange     '2.0.9',
135 silly addNameRange     '2.1.0',
135 silly addNameRange     '2.2.0',
135 silly addNameRange     '2.2.1',
135 silly addNameRange     '2.3.0',
135 silly addNameRange     '2.3.1',
135 silly addNameRange     '2.3.2',
135 silly addNameRange     '2.3.3' ] ]
136 silly addNamed nan@2.3.3
137 verbose addNamed "2.3.3" is a plain semver version for nan
138 silly cache afterAdd nan@2.3.3
139 verbose afterAdd /Users/TuanPM/.npm/nan/2.3.3/package/package.json not in flight; writing
140 verbose afterAdd /Users/TuanPM/.npm/nan/2.3.3/package/package.json written
141 http fetch 200 https://registry.npmjs.org/raspi-peripheral/-/raspi-peripheral-1.5.2.tgz
142 silly fetchAndShaCheck shasum cdfee345492bcceaba80d291247059e96dfab97b
143 verbose addTmpTarball /var/folders/pf/ys9d2z053b5087jd_zstdg700000gn/T/npm-44303-e887ef3c/registry.npmjs.org/raspi-peripheral/-/raspi-peripheral-1.5.2.tgz not in flight; adding
144 verbose addTmpTarball already have metadata; skipping unpack for raspi-peripheral@1.5.2
145 silly cache afterAdd raspi-peripheral@1.5.2
146 verbose afterAdd /Users/TuanPM/.npm/raspi-peripheral/1.5.2/package/package.json not in flight; writing
147 verbose afterAdd /Users/TuanPM/.npm/raspi-peripheral/1.5.2/package/package.json written
148 silly fetchNamedPackageData raspi-board
149 silly mapToRegistry name raspi-board
150 silly mapToRegistry using default registry
151 silly mapToRegistry registry https://registry.npmjs.org/
152 silly mapToRegistry uri https://registry.npmjs.org/raspi-board
153 verbose request uri https://registry.npmjs.org/raspi-board
154 verbose request no auth needed
155 info attempt registry request try #1 at 11:55:00 AM
156 verbose request using bearer token for auth
157 http request GET https://registry.npmjs.org/raspi-board
158 http 200 https://registry.npmjs.org/raspi-board
159 verbose headers { server: 'CouchDB/1.5.0 (Erlang OTP/R16B03)',
159 verbose headers   etag: '"339NLBHAXSVD5E7SYQC3NO57T"',
159 verbose headers   'content-type': 'application/json',
159 verbose headers   'content-encoding': 'gzip',
159 verbose headers   'cache-control': 'max-age=300',
159 verbose headers   'transfer-encoding': 'chunked',
159 verbose headers   'accept-ranges': 'bytes',
159 verbose headers   date: 'Thu, 19 May 2016 04:55:01 GMT',
159 verbose headers   via: '1.1 varnish',
159 verbose headers   connection: 'keep-alive',
159 verbose headers   'x-served-by': 'cache-hkg6824-HKG',
159 verbose headers   'x-cache': 'MISS',
159 verbose headers   'x-cache-hits': '0',
159 verbose headers   'x-timer': 'S1463633701.247654,VS0,VE264',
159 verbose headers   vary: 'Accept-Encoding' }
160 silly get cb [ 200,
160 silly get   { server: 'CouchDB/1.5.0 (Erlang OTP/R16B03)',
160 silly get     etag: '"339NLBHAXSVD5E7SYQC3NO57T"',
160 silly get     'content-type': 'application/json',
160 silly get     'content-encoding': 'gzip',
160 silly get     'cache-control': 'max-age=300',
160 silly get     'transfer-encoding': 'chunked',
160 silly get     'accept-ranges': 'bytes',
160 silly get     date: 'Thu, 19 May 2016 04:55:01 GMT',
160 silly get     via: '1.1 varnish',
160 silly get     connection: 'keep-alive',
160 silly get     'x-served-by': 'cache-hkg6824-HKG',
160 silly get     'x-cache': 'MISS',
160 silly get     'x-cache-hits': '0',
160 silly get     'x-timer': 'S1463633701.247654,VS0,VE264',
160 silly get     vary: 'Accept-Encoding' } ]
161 verbose get saving raspi-board to /Users/TuanPM/.npm/registry.npmjs.org/raspi-board/.cache.json
162 silly resolveWithNewModule raspi-board@3.0.0 checking installable status
163 silly cache add args [ 'raspi-board@3.0.0', null ]
164 verbose cache add spec raspi-board@3.0.0
165 silly cache add parsed spec Result {
165 silly cache add   raw: 'raspi-board@3.0.0',
165 silly cache add   scope: null,
165 silly cache add   name: 'raspi-board',
165 silly cache add   rawSpec: '3.0.0',
165 silly cache add   spec: '3.0.0',
165 silly cache add   type: 'version' }
166 silly addNamed raspi-board@3.0.0
167 verbose addNamed "3.0.0" is a plain semver version for raspi-board
168 silly mapToRegistry name raspi-board
169 silly mapToRegistry using default registry
170 silly mapToRegistry registry https://registry.npmjs.org/
171 silly mapToRegistry uri https://registry.npmjs.org/raspi-board
172 verbose addNameVersion registry:https://registry.npmjs.org/raspi-board not in flight; fetching
173 verbose get https://registry.npmjs.org/raspi-board not expired, no request
174 silly mapToRegistry name raspi-board
175 silly mapToRegistry using default registry
176 silly mapToRegistry registry https://registry.npmjs.org/
177 silly mapToRegistry uri https://registry.npmjs.org/raspi-board
178 verbose addRemoteTarball https://registry.npmjs.org/raspi-board/-/raspi-board-3.0.0.tgz not in flight; adding
179 verbose addRemoteTarball [ 'https://registry.npmjs.org/raspi-board/-/raspi-board-3.0.0.tgz',
179 verbose addRemoteTarball   '921b600dfcbf5fc4b0ee17ca85498af143c236eb' ]
180 info retry fetch attempt 1 at 11:55:00 AM
181 info attempt registry request try #1 at 11:55:00 AM
182 http fetch GET https://registry.npmjs.org/raspi-board/-/raspi-board-3.0.0.tgz
183 verbose request using bearer token for auth
184 http fetch 200 https://registry.npmjs.org/raspi-board/-/raspi-board-3.0.0.tgz
185 silly fetchAndShaCheck shasum 921b600dfcbf5fc4b0ee17ca85498af143c236eb
186 verbose addTmpTarball /var/folders/pf/ys9d2z053b5087jd_zstdg700000gn/T/npm-44303-e887ef3c/registry.npmjs.org/raspi-board/-/raspi-board-3.0.0.tgz not in flight; adding
187 verbose addTmpTarball already have metadata; skipping unpack for raspi-board@3.0.0
188 silly cache afterAdd raspi-board@3.0.0
189 verbose afterAdd /Users/TuanPM/.npm/raspi-board/3.0.0/package/package.json not in flight; writing
190 verbose afterAdd /Users/TuanPM/.npm/raspi-board/3.0.0/package/package.json written
191 silly loadAllDepsIntoIdealTree Finishing
192 silly idealTree:prePrune node-red-contrib-rpio@1.0.0
192 silly idealTree:prePrune ├── nan@2.3.3
192 silly idealTree:prePrune ├── raspi-board@3.0.0
192 silly idealTree:prePrune ├── raspi-gpio@2.2.2
192 silly idealTree:prePrune └── raspi-peripheral@1.5.2
193 silly loadIdealTree Finishing
194 silly currentTree node-red-contrib-rpio@1.0.0
195 silly idealTree node-red-contrib-rpio@1.0.0
195 silly idealTree ├── nan@2.3.3
195 silly idealTree ├── raspi-board@3.0.0
195 silly idealTree ├── raspi-gpio@2.2.2
195 silly idealTree └── raspi-peripheral@1.5.2
196 silly generateActionsToTake Starting
197 silly install generateActionsToTake
198 silly generateActionsToTake Finishing
199 silly diffTrees action count 4
200 silly diffTrees add nan@2.3.3
201 silly diffTrees add raspi-board@3.0.0
202 silly diffTrees add raspi-peripheral@1.5.2
203 silly diffTrees add raspi-gpio@2.2.2
204 silly decomposeActions action count 32
205 silly decomposeActions fetch nan@2.3.3
206 silly decomposeActions extract nan@2.3.3
207 silly decomposeActions preinstall nan@2.3.3
208 silly decomposeActions build nan@2.3.3
209 silly decomposeActions install nan@2.3.3
210 silly decomposeActions postinstall nan@2.3.3
211 silly decomposeActions test nan@2.3.3
212 silly decomposeActions finalize nan@2.3.3
213 silly decomposeActions fetch raspi-board@3.0.0
214 silly decomposeActions extract raspi-board@3.0.0
215 silly decomposeActions preinstall raspi-board@3.0.0
216 silly decomposeActions build raspi-board@3.0.0
217 silly decomposeActions install raspi-board@3.0.0
218 silly decomposeActions postinstall raspi-board@3.0.0
219 silly decomposeActions test raspi-board@3.0.0
220 silly decomposeActions finalize raspi-board@3.0.0
221 silly decomposeActions fetch raspi-peripheral@1.5.2
222 silly decomposeActions extract raspi-peripheral@1.5.2
223 silly decomposeActions preinstall raspi-peripheral@1.5.2
224 silly decomposeActions build raspi-peripheral@1.5.2
225 silly decomposeActions install raspi-peripheral@1.5.2
226 silly decomposeActions postinstall raspi-peripheral@1.5.2
227 silly decomposeActions test raspi-peripheral@1.5.2
228 silly decomposeActions finalize raspi-peripheral@1.5.2
229 silly decomposeActions fetch raspi-gpio@2.2.2
230 silly decomposeActions extract raspi-gpio@2.2.2
231 silly decomposeActions preinstall raspi-gpio@2.2.2
232 silly decomposeActions build raspi-gpio@2.2.2
233 silly decomposeActions install raspi-gpio@2.2.2
234 silly decomposeActions postinstall raspi-gpio@2.2.2
235 silly decomposeActions test raspi-gpio@2.2.2
236 silly decomposeActions finalize raspi-gpio@2.2.2
237 silly executeActions Starting
238 silly install executeActions
239 silly doSerial global-install 0
240 silly doParallel fetch 4
241 verbose lock using /Users/TuanPM/.npm/_locks/staging-0ee56efd4bc6bd12.lock for /Users/TuanPM/Projects/2016/tuanpm/node-red-contrib-rpio/node_modules/.staging
242 silly doParallel extract 4
243 silly extract nan@2.3.3
244 silly extract raspi-board@3.0.0
245 silly extract raspi-peripheral@1.5.2
246 silly extract raspi-gpio@2.2.2
247 verbose unbuild node_modules/.staging/nan-91f1c7382fdfa5f32d3081aef8fae67f
248 verbose unbuild node_modules/.staging/raspi-peripheral-f850f4417075fc460e2d26f3acbcd29d
249 verbose unbuild node_modules/.staging/raspi-board-cee35ce931d6fefbf19c15021baa6b63
250 verbose unbuild node_modules/.staging/raspi-gpio-72d27124670b9e602b9cfa9fe8b159fa
251 silly gentlyRm /Users/TuanPM/Projects/2016/tuanpm/node-red-contrib-rpio/node_modules/.staging/nan-91f1c7382fdfa5f32d3081aef8fae67f is being purged from base /Users/TuanPM/Projects/2016/tuanpm/node-red-contrib-rpio
252 silly gentlyRm /Users/TuanPM/Projects/2016/tuanpm/node-red-contrib-rpio/node_modules/.staging/raspi-peripheral-f850f4417075fc460e2d26f3acbcd29d is being purged from base /Users/TuanPM/Projects/2016/tuanpm/node-red-contrib-rpio
253 silly gentlyRm /Users/TuanPM/Projects/2016/tuanpm/node-red-contrib-rpio/node_modules/.staging/raspi-board-cee35ce931d6fefbf19c15021baa6b63 is being purged from base /Users/TuanPM/Projects/2016/tuanpm/node-red-contrib-rpio
254 silly gentlyRm /Users/TuanPM/Projects/2016/tuanpm/node-red-contrib-rpio/node_modules/.staging/raspi-gpio-72d27124670b9e602b9cfa9fe8b159fa is being purged from base /Users/TuanPM/Projects/2016/tuanpm/node-red-contrib-rpio
255 verbose gentlyRm don't care about contents; nuking /Users/TuanPM/Projects/2016/tuanpm/node-red-contrib-rpio/node_modules/.staging/nan-91f1c7382fdfa5f32d3081aef8fae67f
256 verbose gentlyRm don't care about contents; nuking /Users/TuanPM/Projects/2016/tuanpm/node-red-contrib-rpio/node_modules/.staging/raspi-peripheral-f850f4417075fc460e2d26f3acbcd29d
257 verbose gentlyRm don't care about contents; nuking /Users/TuanPM/Projects/2016/tuanpm/node-red-contrib-rpio/node_modules/.staging/raspi-board-cee35ce931d6fefbf19c15021baa6b63
258 verbose gentlyRm don't care about contents; nuking /Users/TuanPM/Projects/2016/tuanpm/node-red-contrib-rpio/node_modules/.staging/raspi-gpio-72d27124670b9e602b9cfa9fe8b159fa
259 verbose tar unpack /Users/TuanPM/.npm/nan/2.3.3/package.tgz
260 verbose tar unpacking to /Users/TuanPM/Projects/2016/tuanpm/node-red-contrib-rpio/node_modules/.staging/nan-91f1c7382fdfa5f32d3081aef8fae67f
261 silly gentlyRm /Users/TuanPM/Projects/2016/tuanpm/node-red-contrib-rpio/node_modules/.staging/nan-91f1c7382fdfa5f32d3081aef8fae67f is being purged
262 verbose tar unpack /Users/TuanPM/.npm/raspi-peripheral/1.5.2/package.tgz
263 verbose tar unpacking to /Users/TuanPM/Projects/2016/tuanpm/node-red-contrib-rpio/node_modules/.staging/raspi-peripheral-f850f4417075fc460e2d26f3acbcd29d
264 silly gentlyRm /Users/TuanPM/Projects/2016/tuanpm/node-red-contrib-rpio/node_modules/.staging/raspi-peripheral-f850f4417075fc460e2d26f3acbcd29d is being purged
265 verbose tar unpack /Users/TuanPM/.npm/raspi-board/3.0.0/package.tgz
266 verbose tar unpacking to /Users/TuanPM/Projects/2016/tuanpm/node-red-contrib-rpio/node_modules/.staging/raspi-board-cee35ce931d6fefbf19c15021baa6b63
267 silly gentlyRm /Users/TuanPM/Projects/2016/tuanpm/node-red-contrib-rpio/node_modules/.staging/raspi-board-cee35ce931d6fefbf19c15021baa6b63 is being purged
268 verbose tar unpack /Users/TuanPM/.npm/raspi-gpio/2.2.2/package.tgz
269 verbose tar unpacking to /Users/TuanPM/Projects/2016/tuanpm/node-red-contrib-rpio/node_modules/.staging/raspi-gpio-72d27124670b9e602b9cfa9fe8b159fa
270 silly gentlyRm /Users/TuanPM/Projects/2016/tuanpm/node-red-contrib-rpio/node_modules/.staging/raspi-gpio-72d27124670b9e602b9cfa9fe8b159fa is being purged
271 verbose gentlyRm don't care about contents; nuking /Users/TuanPM/Projects/2016/tuanpm/node-red-contrib-rpio/node_modules/.staging/nan-91f1c7382fdfa5f32d3081aef8fae67f
272 verbose gentlyRm don't care about contents; nuking /Users/TuanPM/Projects/2016/tuanpm/node-red-contrib-rpio/node_modules/.staging/raspi-peripheral-f850f4417075fc460e2d26f3acbcd29d
273 verbose gentlyRm don't care about contents; nuking /Users/TuanPM/Projects/2016/tuanpm/node-red-contrib-rpio/node_modules/.staging/raspi-board-cee35ce931d6fefbf19c15021baa6b63
274 verbose gentlyRm don't care about contents; nuking /Users/TuanPM/Projects/2016/tuanpm/node-red-contrib-rpio/node_modules/.staging/raspi-gpio-72d27124670b9e602b9cfa9fe8b159fa
275 silly gunzTarPerm modes [ '755', '644' ]
276 silly gunzTarPerm modes [ '755', '644' ]
277 silly gunzTarPerm modes [ '755', '644' ]
278 silly gunzTarPerm modes [ '755', '644' ]
279 silly gunzTarPerm extractEntry package.json
280 silly gunzTarPerm modified mode [ 'package.json', 436, 420 ]
281 silly gunzTarPerm extractEntry package.json
282 silly gunzTarPerm extractEntry package.json
283 silly gunzTarPerm extractEntry package.json
284 silly gunzTarPerm extractEntry README.md
285 silly gunzTarPerm modified mode [ 'README.md', 436, 420 ]
286 silly gunzTarPerm extractEntry .npmignore
287 silly gunzTarPerm extractEntry README.md
288 silly gunzTarPerm extractEntry .npmignore
289 silly gunzTarPerm extractEntry README.md
290 silly gunzTarPerm extractEntry .npmignore
291 silly gunzTarPerm extractEntry README.md
292 silly gunzTarPerm extractEntry include_dirs.js
293 silly gunzTarPerm modified mode [ 'include_dirs.js', 436, 420 ]
294 silly gunzTarPerm extractEntry LICENSE
295 silly gunzTarPerm extractEntry index.js
296 silly gunzTarPerm extractEntry nan_converters.h
297 silly gunzTarPerm modified mode [ 'nan_converters.h', 436, 420 ]
298 silly gunzTarPerm extractEntry LICENSE.md
299 silly gunzTarPerm modified mode [ 'LICENSE.md', 436, 420 ]
300 silly gunzTarPerm extractEntry doc/node_misc.md
301 silly gunzTarPerm modified mode [ 'doc/node_misc.md', 436, 420 ]
302 silly gunzTarPerm extractEntry LICENSE
303 silly gunzTarPerm extractEntry gulpfile.js
304 silly gunzTarPerm extractEntry LICENSE
305 silly gunzTarPerm extractEntry index.js
306 silly gunzTarPerm extractEntry doc/asyncworker.md
307 silly gunzTarPerm modified mode [ 'doc/asyncworker.md', 436, 420 ]
308 silly gunzTarPerm extractEntry tests.spec.js
309 silly gunzTarPerm extractEntry lib/index.js
310 silly gunzTarPerm extractEntry CHANGELOG.md
311 silly gunzTarPerm extractEntry .eslintrc
312 silly gunzTarPerm extractEntry index.js
313 silly gunzTarPerm extractEntry CHANGELOG.md
314 silly gunzTarPerm extractEntry lib/index.js
315 silly gunzTarPerm extractEntry .eslintrc
316 silly gunzTarPerm extractEntry test/runner.js
317 silly gunzTarPerm extractEntry test/tests.js
318 silly gunzTarPerm extractEntry binding.gyp
319 silly gunzTarPerm extractEntry doc/callback.md
320 silly gunzTarPerm modified mode [ 'doc/callback.md', 436, 420 ]
321 silly gunzTarPerm extractEntry doc/converters.md
322 silly gunzTarPerm modified mode [ 'doc/converters.md', 436, 420 ]
323 silly gunzTarPerm extractEntry .eslintrc
324 silly gunzTarPerm extractEntry jsconfig.json
325 silly gunzTarPerm extractEntry doc/errors.md
326 silly gunzTarPerm modified mode [ 'doc/errors.md', 436, 420 ]
327 silly gunzTarPerm extractEntry doc/maybe_types.md
328 silly gunzTarPerm modified mode [ 'doc/maybe_types.md', 436, 420 ]
329 silly gunzTarPerm extractEntry lib/index.js
330 silly gunzTarPerm extractEntry CHANGELOG.md
331 silly gunzTarPerm extractEntry doc/methods.md
332 silly gunzTarPerm modified mode [ 'doc/methods.md', 436, 420 ]
333 silly gunzTarPerm extractEntry doc/new.md
334 silly gunzTarPerm modified mode [ 'doc/new.md', 436, 420 ]
335 silly gunzTarPerm extractEntry doc/buffers.md
336 silly gunzTarPerm modified mode [ 'doc/buffers.md', 436, 420 ]
337 silly gunzTarPerm extractEntry doc/object_wrappers.md
338 silly gunzTarPerm modified mode [ 'doc/object_wrappers.md', 436, 420 ]
339 silly gunzTarPerm extractEntry src/addon.cc
340 silly gunzTarPerm extractEntry src/init.cc
341 silly gunzTarPerm extractEntry src/init.h
342 silly gunzTarPerm extractEntry src/read.cc
343 silly gunzTarPerm extractEntry doc/persistent.md
344 silly gunzTarPerm modified mode [ 'doc/persistent.md', 436, 420 ]
345 silly gunzTarPerm extractEntry doc/scopes.md
346 silly gunzTarPerm modified mode [ 'doc/scopes.md', 436, 420 ]
347 silly gunzTarPerm extractEntry src/read.h
348 silly gunzTarPerm extractEntry src/write.cc
349 silly gunzTarPerm extractEntry doc/script.md
350 silly gunzTarPerm modified mode [ 'doc/script.md', 436, 420 ]
351 silly gunzTarPerm extractEntry doc/string_bytes.md
352 silly gunzTarPerm modified mode [ 'doc/string_bytes.md', 436, 420 ]
353 silly gunzTarPerm extractEntry src/write.h
354 silly gunzTarPerm extractEntry doc/v8_internals.md
355 silly gunzTarPerm modified mode [ 'doc/v8_internals.md', 436, 420 ]
356 silly gunzTarPerm extractEntry doc/v8_misc.md
357 silly gunzTarPerm modified mode [ 'doc/v8_misc.md', 436, 420 ]
358 silly gunzTarPerm extractEntry nan.h
359 silly gunzTarPerm modified mode [ 'nan.h', 436, 420 ]
360 silly gunzTarPerm extractEntry nan_callbacks.h
361 silly gunzTarPerm modified mode [ 'nan_callbacks.h', 436, 420 ]
362 silly gunzTarPerm extractEntry nan_callbacks_12_inl.h
363 silly gunzTarPerm modified mode [ 'nan_callbacks_12_inl.h', 436, 420 ]
364 silly gunzTarPerm extractEntry nan_callbacks_pre_12_inl.h
365 silly gunzTarPerm modified mode [ 'nan_callbacks_pre_12_inl.h', 436, 420 ]
366 silly gunzTarPerm extractEntry nan_converters_43_inl.h
367 silly gunzTarPerm modified mode [ 'nan_converters_43_inl.h', 436, 420 ]
368 silly gunzTarPerm extractEntry nan_converters_pre_43_inl.h
369 silly gunzTarPerm modified mode [ 'nan_converters_pre_43_inl.h', 436, 420 ]
370 silly gunzTarPerm extractEntry nan_implementation_12_inl.h
371 silly gunzTarPerm modified mode [ 'nan_implementation_12_inl.h', 436, 420 ]
372 silly gunzTarPerm extractEntry nan_implementation_pre_12_inl.h
373 silly gunzTarPerm modified mode [ 'nan_implementation_pre_12_inl.h', 436, 420 ]
374 silly gunzTarPerm extractEntry nan_maybe_43_inl.h
375 silly gunzTarPerm modified mode [ 'nan_maybe_43_inl.h', 436, 420 ]
376 silly gunzTarPerm extractEntry nan_maybe_pre_43_inl.h
377 silly gunzTarPerm modified mode [ 'nan_maybe_pre_43_inl.h', 436, 420 ]
378 silly gunzTarPerm extractEntry nan_new.h
379 silly gunzTarPerm modified mode [ 'nan_new.h', 436, 420 ]
380 silly gunzTarPerm extractEntry nan_object_wrap.h
381 silly gunzTarPerm modified mode [ 'nan_object_wrap.h', 436, 420 ]
382 silly gunzTarPerm extractEntry nan_persistent_12_inl.h
383 silly gunzTarPerm modified mode [ 'nan_persistent_12_inl.h', 436, 420 ]
384 silly gunzTarPerm extractEntry nan_persistent_pre_12_inl.h
385 silly gunzTarPerm modified mode [ 'nan_persistent_pre_12_inl.h', 436, 420 ]
386 silly gunzTarPerm extractEntry nan_string_bytes.h
387 silly gunzTarPerm modified mode [ 'nan_string_bytes.h', 436, 420 ]
388 silly gunzTarPerm extractEntry nan_typedarray_contents.h
389 silly gunzTarPerm modified mode [ 'nan_typedarray_contents.h', 436, 420 ]
390 silly gunzTarPerm extractEntry nan_weak.h
391 silly gunzTarPerm modified mode [ 'nan_weak.h', 436, 420 ]
392 silly gunzTarPerm extractEntry CHANGELOG.md
393 silly gunzTarPerm modified mode [ 'CHANGELOG.md', 436, 420 ]
394 silly gunzTarPerm extractEntry tools/package.json
395 silly gunzTarPerm modified mode [ 'tools/package.json', 436, 420 ]
396 silly gunzTarPerm extractEntry tools/README.md
397 silly gunzTarPerm modified mode [ 'tools/README.md', 436, 420 ]
398 silly gunzTarPerm extractEntry tools/1to2.js
399 silly gunzTarPerm modified mode [ 'tools/1to2.js', 509, 493 ]
400 silly doParallel preinstall 4
401 silly preinstall nan@2.3.3 /Users/TuanPM/Projects/2016/tuanpm/node-red-contrib-rpio/node_modules/.staging/nan-91f1c7382fdfa5f32d3081aef8fae67f
402 info lifecycle nan@2.3.3~preinstall: nan@2.3.3
403 silly preinstall raspi-board@3.0.0 /Users/TuanPM/Projects/2016/tuanpm/node-red-contrib-rpio/node_modules/.staging/raspi-board-cee35ce931d6fefbf19c15021baa6b63
404 info lifecycle raspi-board@3.0.0~preinstall: raspi-board@3.0.0
405 silly preinstall raspi-peripheral@1.5.2 /Users/TuanPM/Projects/2016/tuanpm/node-red-contrib-rpio/node_modules/.staging/raspi-peripheral-f850f4417075fc460e2d26f3acbcd29d
406 info lifecycle raspi-peripheral@1.5.2~preinstall: raspi-peripheral@1.5.2
407 silly preinstall raspi-gpio@2.2.2 /Users/TuanPM/Projects/2016/tuanpm/node-red-contrib-rpio/node_modules/.staging/raspi-gpio-72d27124670b9e602b9cfa9fe8b159fa
408 info lifecycle raspi-gpio@2.2.2~preinstall: raspi-gpio@2.2.2
409 silly lifecycle nan@2.3.3~preinstall: no script for preinstall, continuing
410 silly lifecycle raspi-board@3.0.0~preinstall: no script for preinstall, continuing
411 silly lifecycle raspi-peripheral@1.5.2~preinstall: no script for preinstall, continuing
412 silly lifecycle raspi-gpio@2.2.2~preinstall: no script for preinstall, continuing
413 silly doReverseSerial remove 0
414 silly doSerial move 0
415 silly doSerial finalize 4
416 silly finalize /Users/TuanPM/Projects/2016/tuanpm/node-red-contrib-rpio/node_modules/nan
417 silly finalize /Users/TuanPM/Projects/2016/tuanpm/node-red-contrib-rpio/node_modules/raspi-board
418 silly finalize /Users/TuanPM/Projects/2016/tuanpm/node-red-contrib-rpio/node_modules/raspi-peripheral
419 silly finalize /Users/TuanPM/Projects/2016/tuanpm/node-red-contrib-rpio/node_modules/raspi-gpio
420 silly doSerial build 4
421 silly build nan@2.3.3
422 info linkStuff nan@2.3.3
423 silly linkStuff nan@2.3.3 has /Users/TuanPM/Projects/2016/tuanpm/node-red-contrib-rpio/node_modules as its parent node_modules
424 verbose linkBins nan@2.3.3
425 verbose linkMans nan@2.3.3
426 silly build raspi-board@3.0.0
427 info linkStuff raspi-board@3.0.0
428 silly linkStuff raspi-board@3.0.0 has /Users/TuanPM/Projects/2016/tuanpm/node-red-contrib-rpio/node_modules as its parent node_modules
429 verbose linkBins raspi-board@3.0.0
430 verbose linkMans raspi-board@3.0.0
431 silly build raspi-peripheral@1.5.2
432 info linkStuff raspi-peripheral@1.5.2
433 silly linkStuff raspi-peripheral@1.5.2 has /Users/TuanPM/Projects/2016/tuanpm/node-red-contrib-rpio/node_modules as its parent node_modules
434 verbose linkBins raspi-peripheral@1.5.2
435 verbose linkMans raspi-peripheral@1.5.2
436 silly build raspi-gpio@2.2.2
437 info linkStuff raspi-gpio@2.2.2
438 silly linkStuff raspi-gpio@2.2.2 has /Users/TuanPM/Projects/2016/tuanpm/node-red-contrib-rpio/node_modules as its parent node_modules
439 verbose linkBins raspi-gpio@2.2.2
440 verbose linkMans raspi-gpio@2.2.2
441 silly doSerial global-link 0
442 silly doParallel update-linked 0
443 silly doSerial install 4
444 silly install nan@2.3.3 /Users/TuanPM/Projects/2016/tuanpm/node-red-contrib-rpio/node_modules/.staging/nan-91f1c7382fdfa5f32d3081aef8fae67f
445 info lifecycle nan@2.3.3~install: nan@2.3.3
446 silly lifecycle nan@2.3.3~install: no script for install, continuing
447 silly install raspi-board@3.0.0 /Users/TuanPM/Projects/2016/tuanpm/node-red-contrib-rpio/node_modules/.staging/raspi-board-cee35ce931d6fefbf19c15021baa6b63
448 info lifecycle raspi-board@3.0.0~install: raspi-board@3.0.0
449 silly lifecycle raspi-board@3.0.0~install: no script for install, continuing
450 silly install raspi-peripheral@1.5.2 /Users/TuanPM/Projects/2016/tuanpm/node-red-contrib-rpio/node_modules/.staging/raspi-peripheral-f850f4417075fc460e2d26f3acbcd29d
451 info lifecycle raspi-peripheral@1.5.2~install: raspi-peripheral@1.5.2
452 silly lifecycle raspi-peripheral@1.5.2~install: no script for install, continuing
453 silly install raspi-gpio@2.2.2 /Users/TuanPM/Projects/2016/tuanpm/node-red-contrib-rpio/node_modules/.staging/raspi-gpio-72d27124670b9e602b9cfa9fe8b159fa
454 info lifecycle raspi-gpio@2.2.2~install: raspi-gpio@2.2.2
455 verbose lifecycle raspi-gpio@2.2.2~install: unsafe-perm in lifecycle true
456 verbose lifecycle raspi-gpio@2.2.2~install: PATH: /usr/local/lib/node_modules/npm/bin/node-gyp-bin:/Users/TuanPM/Projects/2016/tuanpm/node-red-contrib-rpio/node_modules/raspi-gpio/node_modules/.bin:/Users/TuanPM/Projects/2016/tuanpm/node-red-contrib-rpio/node_modules/.bin:/Library/Frameworks/Python.framework/Versions/3.5/bin:/opt/local/bin:/opt/local/sbin:/opt/local/bin:/opt/local/sbin:/usr/local/bin:/usr/bin:/bin:/usr/sbin:/sbin:/opt/X11/bin:/usr/local/git/bin:/esptools/gcc/bin:/Applications/GNU ARM Eclipse/OpenOCD/0.8.0-201503201802/bin/:/tools/esp8266/esp-open-sdk/xtensa-lx106-elf/bin:/Users/TuanPM/Library/Android/sdk/tools:/tools/stm32/gcc/bin
457 verbose lifecycle raspi-gpio@2.2.2~install: CWD: /Users/TuanPM/Projects/2016/tuanpm/node-red-contrib-rpio/node_modules/raspi-gpio
458 silly lifecycle raspi-gpio@2.2.2~install: Args: [ '-c', 'node-gyp rebuild' ]
459 silly lifecycle raspi-gpio@2.2.2~install: Returned: code: 1  signal: null
460 info lifecycle raspi-gpio@2.2.2~install: Failed to exec install script
461 verbose unlock done using /Users/TuanPM/.npm/_locks/staging-0ee56efd4bc6bd12.lock for /Users/TuanPM/Projects/2016/tuanpm/node-red-contrib-rpio/node_modules/.staging
462 silly rollbackFailedOptional Starting
463 silly rollbackFailedOptional Finishing
464 silly runTopLevelLifecycles Starting
465 silly runTopLevelLifecycles Finishing
466 silly install printInstalled
467 verbose stack Error: raspi-gpio@2.2.2 install: `node-gyp rebuild`
467 verbose stack Exit status 1
467 verbose stack     at EventEmitter.<anonymous> (/usr/local/lib/node_modules/npm/lib/utils/lifecycle.js:232:16)
467 verbose stack     at emitTwo (events.js:100:13)
467 verbose stack     at EventEmitter.emit (events.js:185:7)
467 verbose stack     at ChildProcess.<anonymous> (/usr/local/lib/node_modules/npm/lib/utils/spawn.js:24:14)
467 verbose stack     at emitTwo (events.js:100:13)
467 verbose stack     at ChildProcess.emit (events.js:185:7)
467 verbose stack     at maybeClose (internal/child_process.js:821:16)
467 verbose stack     at Process.ChildProcess._handle.onexit (internal/child_process.js:211:5)
468 verbose pkgid raspi-gpio@2.2.2
469 verbose cwd /Users/TuanPM/Projects/2016/tuanpm/node-red-contrib-rpio
470 error Darwin 15.4.0
471 error argv "/usr/local/bin/node" "/usr/local/bin/npm" "install" "raspi-gpio" "--save-dev"
472 error node v5.5.0
473 error npm  v3.3.12
474 error code ELIFECYCLE
475 error raspi-gpio@2.2.2 install: `node-gyp rebuild`
475 error Exit status 1
476 error Failed at the raspi-gpio@2.2.2 install script 'node-gyp rebuild'.
476 error Make sure you have the latest version of node.js and npm installed.
476 error If you do, this is most likely a problem with the raspi-gpio package,
476 error not with npm itself.
476 error Tell the author that this fails on your system:
476 error     node-gyp rebuild
476 error You can get their info via:
476 error     npm owner ls raspi-gpio
476 error There is likely additional logging output above.
477 verbose exit [ 1, true ]
